This is pdfTeX, Version 3.14159265-2.6-1.40.21 (MiKTeX 2.9.7400 64-bit) (preloaded format=pdflatex 2020.5.1)  14 MAY 2020 20:01
entering extended mode
**./Main.tex
(Main.tex
LaTeX2e <2020-02-02> patch level 5
L3 programming layer <2020-04-06>
("C:\Users\andre\AppData\Local\Programs\MiKTeX 2.9\tex/latex/base\article.cls"
Document Class: article 2019/12/20 v1.4l Standard LaTeX document class
("C:\Users\andre\AppData\Local\Programs\MiKTeX 2.9\tex/latex/base\size11.clo"
File: size11.clo 2019/12/20 v1.4l Standard LaTeX file (size option)
)
\c@part=\count167
\c@section=\count168
\c@subsection=\count169
\c@subsubsection=\count170
\c@paragraph=\count171
\c@subparagraph=\count172
\c@figure=\count173
\c@table=\count174
\abovecaptionskip=\skip47
\belowcaptionskip=\skip48
\bibindent=\dimen134
) ("C:\Users\andre\AppData\Local\Programs\MiKTeX 2.9\tex/latex/base\inputenc.st
y"
Package: inputenc 2018/08/11 v1.3c Input encoding file
\inpenc@prehook=\toks15
\inpenc@posthook=\toks16
)
("C:\Users\andre\AppData\Local\Programs\MiKTeX 2.9\tex/generic/babel\babel.sty"
Package: babel 2020/03/22 3.42 The Babel package
("C:\Users\andre\AppData\Local\Programs\MiKTeX 2.9\tex/generic/babel\switch.def
"
File: switch.def 2020/03/22 3.42 Babel switching mechanism
)
*************************************
* Local config file bblopts.cfg used
*
("C:\Users\andre\AppData\Local\Programs\MiKTeX 2.9\tex/latex/arabi\bblopts.cfg"
File: bblopts.cfg 2005/09/08 v0.1 add Arabic and Farsi to "declared" options of
 babel
)
("C:\Users\andre\AppData\Local\Programs\MiKTeX 2.9\tex/latex/babel-english\engl
ish.ldf"
Language: english 2017/06/06 v3.3r English support from the babel system

("C:\Users\andre\AppData\Local\Programs\MiKTeX 2.9\tex/generic/babel\babel.def"
File: babel.def 2020/03/22 3.42 Babel common definitions
\babel@savecnt=\count175
\U@D=\dimen135

("C:\Users\andre\AppData\Local\Programs\MiKTeX 2.9\tex/generic/babel\txtbabel.d
ef")
\bbl@readstream=\read2
\bbl@dirlevel=\count176
)
Package babel Info: \l@canadian = using hyphenrules for english
(babel)             (\language0) on input line 102.
Package babel Info: \l@australian = using hyphenrules for ukenglish
(babel)             (\language76) on input line 105.
Package babel Info: \l@newzealand = using hyphenrules for ukenglish
(babel)             (\language76) on input line 108.
))
("C:\Users\andre\AppData\Local\Programs\MiKTeX 2.9\tex/latex/setspace\setspace.
sty"
Package: setspace 2011/12/19 v6.7a set line spacing
)
("C:\Users\andre\AppData\Local\Programs\MiKTeX 2.9\tex/latex/mathtools\mathtool
s.sty"
Package: mathtools 2020/03/24 v1.24 mathematical typesetting tools

("C:\Users\andre\AppData\Local\Programs\MiKTeX 2.9\tex/latex/graphics\keyval.st
y"
Package: keyval 2014/10/28 v1.15 key=value parser (DPC)
\KV@toks@=\toks17
) ("C:\Users\andre\AppData\Local\Programs\MiKTeX 2.9\tex/latex/tools\calc.sty"
Package: calc 2017/05/25 v4.3 Infix arithmetic (KKT,FJ)
\calc@Acount=\count177
\calc@Bcount=\count178
\calc@Adimen=\dimen136
\calc@Bdimen=\dimen137
\calc@Askip=\skip49
\calc@Bskip=\skip50
LaTeX Info: Redefining \setlength on input line 80.
LaTeX Info: Redefining \addtolength on input line 81.
\calc@Ccount=\count179
\calc@Cskip=\skip51
)
("C:\Users\andre\AppData\Local\Programs\MiKTeX 2.9\tex/latex/mathtools\mhsetup.
sty"
Package: mhsetup 2017/03/31 v1.3 programming setup (MH)
)
("C:\Users\andre\AppData\Local\Programs\MiKTeX 2.9\tex/latex/amsmath\amsmath.st
y"
Package: amsmath 2020/01/20 v2.17e AMS math features
\@mathmargin=\skip52

For additional information on amsmath, use the `?' option.

("C:\Users\andre\AppData\Local\Programs\MiKTeX 2.9\tex/latex/amsmath\amstext.st
y"
Package: amstext 2000/06/29 v2.01 AMS text

("C:\Users\andre\AppData\Local\Programs\MiKTeX 2.9\tex/latex/amsmath\amsgen.sty
"
File: amsgen.sty 1999/11/30 v2.0 generic functions
\@emptytoks=\toks18
\ex@=\dimen138
))
("C:\Users\andre\AppData\Local\Programs\MiKTeX 2.9\tex/latex/amsmath\amsbsy.sty
"
Package: amsbsy 1999/11/29 v1.2d Bold Symbols
\pmbraise@=\dimen139
)
("C:\Users\andre\AppData\Local\Programs\MiKTeX 2.9\tex/latex/amsmath\amsopn.sty
"
Package: amsopn 2016/03/08 v2.02 operator names
)
\inf@bad=\count180
LaTeX Info: Redefining \frac on input line 227.
\uproot@=\count181
\leftroot@=\count182
LaTeX Info: Redefining \overline on input line 389.
\classnum@=\count183
\DOTSCASE@=\count184
LaTeX Info: Redefining \ldots on input line 486.
LaTeX Info: Redefining \dots on input line 489.
LaTeX Info: Redefining \cdots on input line 610.
\Mathstrutbox@=\box45
\strutbox@=\box46
\big@size=\dimen140
LaTeX Font Info:    Redeclaring font encoding OML on input line 733.
LaTeX Font Info:    Redeclaring font encoding OMS on input line 734.
\macc@depth=\count185
\c@MaxMatrixCols=\count186
\dotsspace@=\muskip16
\c@parentequation=\count187
\dspbrk@lvl=\count188
\tag@help=\toks19
\row@=\count189
\column@=\count190
\maxfields@=\count191
\andhelp@=\toks20
\eqnshift@=\dimen141
\alignsep@=\dimen142
\tagshift@=\dimen143
\tagwidth@=\dimen144
\totwidth@=\dimen145
\lineht@=\dimen146
\@envbody=\toks21
\multlinegap=\skip53
\multlinetaggap=\skip54
\mathdisplay@stack=\toks22
LaTeX Info: Redefining \[ on input line 2859.
LaTeX Info: Redefining \] on input line 2860.
)
LaTeX Info: Thecontrolsequence`\('isalreadyrobust on input line 130.
LaTeX Info: Thecontrolsequence`\)'isalreadyrobust on input line 130.
LaTeX Info: Thecontrolsequence`\['isalreadyrobust on input line 130.
LaTeX Info: Thecontrolsequence`\]'isalreadyrobust on input line 130.
\g_MT_multlinerow_int=\count192
\l_MT_multwidth_dim=\dimen147
\origjot=\skip55
\l_MT_shortvdotswithinadjustabove_dim=\dimen148
\l_MT_shortvdotswithinadjustbelow_dim=\dimen149
\l_MT_above_intertext_sep=\dimen150
\l_MT_below_intertext_sep=\dimen151
\l_MT_above_shortintertext_sep=\dimen152
\l_MT_below_shortintertext_sep=\dimen153
\xmathstrut@box=\box47
\xmathstrut@dim=\dimen154
)
("C:\Users\andre\AppData\Local\Programs\MiKTeX 2.9\tex/latex/amsfonts\amsfonts.
sty"
Package: amsfonts 2013/01/14 v3.01 Basic AMSFonts support
\symAMSa=\mathgroup4
\symAMSb=\mathgroup5
LaTeX Font Info:    Redeclaring math symbol \hbar on input line 98.
LaTeX Font Info:    Overwriting math alphabet `\mathfrak' in version `bold'
(Font)                  U/euf/m/n --> U/euf/b/n on input line 106.
)
("C:\Users\andre\AppData\Local\Programs\MiKTeX 2.9\tex/latex/amscls\amsthm.sty"
Package: amsthm 2017/10/31 v2.20.4
\thm@style=\toks23
\thm@bodyfont=\toks24
\thm@headfont=\toks25
\thm@notefont=\toks26
\thm@headpunct=\toks27
\thm@preskip=\skip56
\thm@postskip=\skip57
\thm@headsep=\skip58
\dth@everypar=\toks28
)
\c@theorem=\count193
 ("C:\Users\andre\AppData\Local\Programs\MiKTeX 2.9\tex/latex/tools\bm.sty"
Package: bm 2019/07/24 v1.2d Bold Symbol Support (DPC/FMi)
\symboldoperators=\mathgroup6
\symboldletters=\mathgroup7
\symboldsymbols=\mathgroup8
LaTeX Font Info:    Redeclaring math alphabet \mathbf on input line 141.
LaTeX Info: Redefining \bm on input line 209.
)
("C:\Users\andre\AppData\Local\Programs\MiKTeX 2.9\tex/latex/jknappen\mathrsfs.
sty"
Package: mathrsfs 1996/01/01 Math RSFS package v1.0 (jk)
\symrsfs=\mathgroup9
)
("C:\Users\andre\AppData\Local\Programs\MiKTeX 2.9\tex/latex/booktabs\booktabs.
sty"
Package: booktabs 2020/01/12 v1.61803398 Publication quality tables
\heavyrulewidth=\dimen155
\lightrulewidth=\dimen156
\cmidrulewidth=\dimen157
\belowrulesep=\dimen158
\belowbottomsep=\dimen159
\aboverulesep=\dimen160
\abovetopsep=\dimen161
\cmidrulesep=\dimen162
\cmidrulekern=\dimen163
\defaultaddspace=\dimen164
\@cmidla=\count194
\@cmidlb=\count195
\@aboverulesep=\dimen165
\@belowrulesep=\dimen166
\@thisruleclass=\count196
\@lastruleclass=\count197
\@thisrulewidth=\dimen167
)
("C:\Users\andre\AppData\Local\Programs\MiKTeX 2.9\tex/latex/caption\caption.st
y"
Package: caption 2020/01/03 v3.4h Customizing captions (AR)

("C:\Users\andre\AppData\Local\Programs\MiKTeX 2.9\tex/latex/caption\caption3.s
ty"
Package: caption3 2020/01/03 v1.8h caption3 kernel (AR)
Package caption3 Info: TeX engine: e-TeX on input line 61.
\captionmargin=\dimen168
\captionmargin@=\dimen169
\captionwidth=\dimen170
\caption@tempdima=\dimen171
\caption@indent=\dimen172
\caption@parindent=\dimen173
\caption@hangindent=\dimen174
Package caption Info: Standard document class detected.
)
\c@caption@flags=\count198
\c@continuedfloat=\count199
)
("C:\Users\andre\AppData\Local\Programs\MiKTeX 2.9\tex/latex/graphics\graphicx.
sty"
Package: graphicx 2019/11/30 v1.2a Enhanced LaTeX Graphics (DPC,SPQR)

("C:\Users\andre\AppData\Local\Programs\MiKTeX 2.9\tex/latex/graphics\graphics.
sty"
Package: graphics 2019/11/30 v1.4a Standard LaTeX Graphics (DPC,SPQR)

("C:\Users\andre\AppData\Local\Programs\MiKTeX 2.9\tex/latex/graphics\trig.sty"
Package: trig 2016/01/03 v1.10 sin cos tan (DPC)
)
("C:\Users\andre\AppData\Local\Programs\MiKTeX 2.9\tex/latex/graphics-cfg\graph
ics.cfg"
File: graphics.cfg 2016/06/04 v1.11 sample graphics configuration
)
Package graphics Info: Driver file: pdftex.def on input line 105.

("C:\Users\andre\AppData\Local\Programs\MiKTeX 2.9\tex/latex/graphics-def\pdfte
x.def"
File: pdftex.def 2018/01/08 v1.0l Graphics/color driver for pdftex
))
\Gin@req@height=\dimen175
\Gin@req@width=\dimen176
)
("C:\Users\andre\AppData\Local\Programs\MiKTeX 2.9\tex/latex/subfig\subfig.sty"
Package: subfig 2005/06/28 ver: 1.3 subfig package
\c@KVtest=\count266
\sf@farskip=\skip59
\sf@captopadj=\dimen177
\sf@capskip=\skip60
\sf@nearskip=\skip61
\c@subfigure=\count267
\c@subfigure@save=\count268
\c@lofdepth=\count269
\c@subtable=\count270
\c@subtable@save=\count271
\c@lotdepth=\count272
\sf@top=\skip62
\sf@bottom=\skip63
) ("C:\Users\andre\AppData\Local\Programs\MiKTeX 2.9\tex/latex/float\float.sty"
Package: float 2001/11/08 v1.3d Float enhancements (AL)
\c@float@type=\count273
\float@exts=\toks29
\float@box=\box48
\@float@everytoks=\toks30
\@floatcapt=\box49
)
("C:\Users\andre\AppData\Local\Programs\MiKTeX 2.9\tex/latex/comment\comment.st
y"
\CommentStream=\write3
 Excluding comment 'comment')
("C:\Users\andre\AppData\Local\Programs\MiKTeX 2.9\tex/latex/hyperref\hyperref.
sty"
Package: hyperref 2020/01/14 v7.00d Hypertext links for LaTeX

("C:\Users\andre\AppData\Local\Programs\MiKTeX 2.9\tex/generic/ltxcmds\ltxcmds.
sty"
Package: ltxcmds 2019/12/15 v1.24 LaTeX kernel commands for general use (HO)
)
("C:\Users\andre\AppData\Local\Programs\MiKTeX 2.9\tex/generic/iftex\iftex.sty"
Package: iftex 2020/03/06 v1.0d TeX engine tests
)
("C:\Users\andre\AppData\Local\Programs\MiKTeX 2.9\tex/latex/pdftexcmds\pdftexc
mds.sty"
Package: pdftexcmds 2019/11/24 v0.31 Utility functions of pdfTeX for LuaTeX (HO
)

("C:\Users\andre\AppData\Local\Programs\MiKTeX 2.9\tex/generic/infwarerr\infwar
err.sty"
Package: infwarerr 2019/12/03 v1.5 Providing info/warning/error messages (HO)
)
Package pdftexcmds Info: \pdf@primitive is available.
Package pdftexcmds Info: \pdf@ifprimitive is available.
Package pdftexcmds Info: \pdfdraftmode found.
)
("C:\Users\andre\AppData\Local\Programs\MiKTeX 2.9\tex/generic/kvsetkeys\kvsetk
eys.sty"
Package: kvsetkeys 2019/12/15 v1.18 Key value parser (HO)
)
("C:\Users\andre\AppData\Local\Programs\MiKTeX 2.9\tex/generic/kvdefinekeys\kvd
efinekeys.sty"
Package: kvdefinekeys 2019-12-19 v1.6 Define keys (HO)
)
("C:\Users\andre\AppData\Local\Programs\MiKTeX 2.9\tex/generic/pdfescape\pdfesc
ape.sty"
Package: pdfescape 2019/12/09 v1.15 Implements pdfTeX's escape features (HO)
)
("C:\Users\andre\AppData\Local\Programs\MiKTeX 2.9\tex/latex/hycolor\hycolor.st
y"
Package: hycolor 2020-01-27 v1.10 Color options for hyperref/bookmark (HO)
)
("C:\Users\andre\AppData\Local\Programs\MiKTeX 2.9\tex/latex/letltxmacro\letltx
macro.sty"
Package: letltxmacro 2019/12/03 v1.6 Let assignment for LaTeX macros (HO)
)
("C:\Users\andre\AppData\Local\Programs\MiKTeX 2.9\tex/latex/auxhook\auxhook.st
y"
Package: auxhook 2019-12-17 v1.6 Hooks for auxiliary files (HO)
)
("C:\Users\andre\AppData\Local\Programs\MiKTeX 2.9\tex/latex/kvoptions\kvoption
s.sty"
Package: kvoptions 2019/11/29 v3.13 Key value format for package options (HO)
)
\@linkdim=\dimen178
\Hy@linkcounter=\count274
\Hy@pagecounter=\count275

("C:\Users\andre\AppData\Local\Programs\MiKTeX 2.9\tex/latex/hyperref\pd1enc.de
f"
File: pd1enc.def 2020/01/14 v7.00d Hyperref: PDFDocEncoding definition (HO)
Now handling font encoding PD1 ...
... no UTF-8 mapping file for font encoding PD1
)
("C:\Users\andre\AppData\Local\Programs\MiKTeX 2.9\tex/generic/intcalc\intcalc.
sty"
Package: intcalc 2019/12/15 v1.3 Expandable calculations with integers (HO)
)
("C:\Users\andre\AppData\Local\Programs\MiKTeX 2.9\tex/generic/etexcmds\etexcmd
s.sty"
Package: etexcmds 2019/12/15 v1.7 Avoid name clashes with e-TeX commands (HO)
)
\Hy@SavedSpaceFactor=\count276
Package hyperref Info: Hyper figures OFF on input line 4547.
Package hyperref Info: Link nesting OFF on input line 4552.
Package hyperref Info: Hyper index ON on input line 4555.
Package hyperref Info: Plain pages OFF on input line 4562.
Package hyperref Info: Backreferencing OFF on input line 4567.
Package hyperref Info: Implicit mode ON; LaTeX internals redefined.
Package hyperref Info: Bookmarks ON on input line 4800.
\c@Hy@tempcnt=\count277
 ("C:\Users\andre\AppData\Local\Programs\MiKTeX 2.9\tex/latex/url\url.sty"
\Urlmuskip=\muskip17
Package: url 2013/09/16  ver 3.4  Verb mode for urls, etc.
)
LaTeX Info: Redefining \url on input line 5159.
\XeTeXLinkMargin=\dimen179

("C:\Users\andre\AppData\Local\Programs\MiKTeX 2.9\tex/generic/bitset\bitset.st
y"
Package: bitset 2019/12/09 v1.3 Handle bit-vector datatype (HO)

("C:\Users\andre\AppData\Local\Programs\MiKTeX 2.9\tex/generic/bigintcalc\bigin
tcalc.sty"
Package: bigintcalc 2019/12/15 v1.5 Expandable calculations on big integers (HO
)
))
\Fld@menulength=\count278
\Field@Width=\dimen180
\Fld@charsize=\dimen181
Package hyperref Info: Hyper figures OFF on input line 6430.
Package hyperref Info: Link nesting OFF on input line 6435.
Package hyperref Info: Hyper index ON on input line 6438.
Package hyperref Info: backreferencing OFF on input line 6445.
Package hyperref Info: Link coloring OFF on input line 6450.
Package hyperref Info: Link coloring with OCG OFF on input line 6455.
Package hyperref Info: PDF/A mode OFF on input line 6460.
LaTeX Info: Redefining \ref on input line 6500.
LaTeX Info: Redefining \pageref on input line 6504.

("C:\Users\andre\AppData\Local\Programs\MiKTeX 2.9\tex/generic/atbegshi\atbegsh
i.sty"
Package: atbegshi 2019/12/05 v1.19 At begin shipout hook (HO)
)
\Hy@abspage=\count279
\c@Item=\count280
\c@Hfootnote=\count281
)
Package hyperref Info: Driver (autodetected): hpdftex.

("C:\Users\andre\AppData\Local\Programs\MiKTeX 2.9\tex/latex/hyperref\hpdftex.d
ef"
File: hpdftex.def 2020/01/14 v7.00d Hyperref driver for pdfTeX

("C:\Users\andre\AppData\Local\Programs\MiKTeX 2.9\tex/latex/atveryend\atveryen
d.sty"
Package: atveryend 2019-12-11 v1.11 Hooks at the very end of document (HO)
Package atveryend Info: \enddocument detected (standard20110627).
)
\Fld@listcount=\count282
\c@bookmark@seq@number=\count283

("C:\Users\andre\AppData\Local\Programs\MiKTeX 2.9\tex/latex/rerunfilecheck\rer
unfilecheck.sty"
Package: rerunfilecheck 2019/12/05 v1.9 Rerun checks for auxiliary files (HO)

("C:\Users\andre\AppData\Local\Programs\MiKTeX 2.9\tex/generic/uniquecounter\un
iquecounter.sty"
Package: uniquecounter 2019/12/15 v1.4 Provide unlimited unique counter (HO)
)
Package uniquecounter Info: New unique counter `rerunfilecheck' on input line 2
86.
)
\Hy@SectionHShift=\skip64
)
Package hyperref Info: Option `colorlinks' set `true' on input line 47.
Package hyperref Info: Option `linktocpage' set `true' on input line 47.
Package hyperref Info: Option `pageanchor' set `true' on input line 47.

("C:\Users\andre\AppData\Local\Programs\MiKTeX 2.9\tex/latex/geometry\geometry.
sty"
Package: geometry 2020/01/02 v5.9 Page Geometry

("C:\Users\andre\AppData\Local\Programs\MiKTeX 2.9\tex/generic/iftex\ifvtex.sty
"
Package: ifvtex 2019/10/25 v1.7 ifvtex legacy package. Use iftex instead.
)
\Gm@cnth=\count284
\Gm@cntv=\count285
\c@Gm@tempcnt=\count286
\Gm@bindingoffset=\dimen182
\Gm@wd@mp=\dimen183
\Gm@odd@mp=\dimen184
\Gm@even@mp=\dimen185
\Gm@layoutwidth=\dimen186
\Gm@layoutheight=\dimen187
\Gm@layouthoffset=\dimen188
\Gm@layoutvoffset=\dimen189
\Gm@dimlist=\toks31

("C:\Users\andre\AppData\Local\Programs\MiKTeX 2.9\tex/latex/geometry\geometry.
cfg"))
("C:\Users\andre\AppData\Local\Programs\MiKTeX 2.9\tex/latex/fancyhdr\fancyhdr.
sty"
Package: fancyhdr 2019/01/31 v3.10 Extensive control of page headers and footer
s
\f@nch@headwidth=\skip65
\f@nch@O@elh=\skip66
\f@nch@O@erh=\skip67
\f@nch@O@olh=\skip68
\f@nch@O@orh=\skip69
\f@nch@O@elf=\skip70
\f@nch@O@erf=\skip71
\f@nch@O@olf=\skip72
\f@nch@O@orf=\skip73
)
("C:\Users\andre\AppData\Local\Programs\MiKTeX 2.9\tex/latex/fancyvrb\fancyvrb.
sty"
Package: fancyvrb 2020/01/13 v3.5 verbatim text (tvz,hv)
\FV@CodeLineNo=\count287
\FV@InFile=\read3
\FV@TabBox=\box50
\c@FancyVerbLine=\count288
\FV@StepNumber=\count289
\FV@OutFile=\write4
)
("C:\Users\andre\AppData\Local\Programs\MiKTeX 2.9\tex/latex/l3backend\l3backen
d-pdfmode.def"
File: l3backend-pdfmode.def 2020-03-12 L3 backend support: PDF mode
\l__kernel_color_stack_int=\count290
\l__pdf_internal_box=\box51
) (Main.aux)
\openout1 = `Main.aux'.

LaTeX Font Info:    Checking defaults for OML/cmm/m/it on input line 77.
LaTeX Font Info:    ... okay on input line 77.
LaTeX Font Info:    Checking defaults for OMS/cmsy/m/n on input line 77.
LaTeX Font Info:    ... okay on input line 77.
LaTeX Font Info:    Checking defaults for OT1/cmr/m/n on input line 77.
LaTeX Font Info:    ... okay on input line 77.
LaTeX Font Info:    Checking defaults for T1/cmr/m/n on input line 77.
LaTeX Font Info:    ... okay on input line 77.
LaTeX Font Info:    Checking defaults for TS1/cmr/m/n on input line 77.
LaTeX Font Info:    ... okay on input line 77.
LaTeX Font Info:    Checking defaults for OMX/cmex/m/n on input line 77.
LaTeX Font Info:    ... okay on input line 77.
LaTeX Font Info:    Checking defaults for U/cmr/m/n on input line 77.
LaTeX Font Info:    ... okay on input line 77.
LaTeX Font Info:    Checking defaults for PD1/pdf/m/n on input line 77.
LaTeX Font Info:    ... okay on input line 77.
Package caption Info: Begin \AtBeginDocument code.
Package caption Info: subfig package v1.3 is loaded.
Package caption Info: float package is loaded.
Package caption Info: hyperref package is loaded.
Package caption Info: End \AtBeginDocument code.

("C:\Users\andre\AppData\Local\Programs\MiKTeX 2.9\tex/context/base/mkii\supp-p
df.mkii"
[Loading MPS to PDF converter (version 2006.09.02).]
\scratchcounter=\count291
\scratchdimen=\dimen190
\scratchbox=\box52
\nofMPsegments=\count292
\nofMParguments=\count293
\everyMPshowfont=\toks32
\MPscratchCnt=\count294
\MPscratchDim=\dimen191
\MPnumerator=\count295
\makeMPintoPDFobject=\count296
\everyMPtoPDFconversion=\toks33
)
("C:\Users\andre\AppData\Local\Programs\MiKTeX 2.9\tex/latex/epstopdf-pkg\epsto
pdf-base.sty"
Package: epstopdf-base 2020-01-24 v2.11 Base part for package epstopdf
Package epstopdf-base Info: Redefining graphics rule for `.eps' on input line 4
85.
)
\AtBeginShipoutBox=\box53

("C:\Users\andre\AppData\Local\Programs\MiKTeX 2.9\tex/latex/graphics\color.sty
"
Package: color 2019/11/23 v1.2a Standard LaTeX Color (DPC)

("C:\Users\andre\AppData\Local\Programs\MiKTeX 2.9\tex/latex/graphics-cfg\color
.cfg"
File: color.cfg 2016/01/02 v1.6 sample color configuration
)
Package color Info: Driver file: pdftex.def on input line 147.
)
Package hyperref Info: Link coloring ON on input line 77.

("C:\Users\andre\AppData\Local\Programs\MiKTeX 2.9\tex/latex/hyperref\nameref.s
ty"
Package: nameref 2019/09/16 v2.46 Cross-referencing by name of section

("C:\Users\andre\AppData\Local\Programs\MiKTeX 2.9\tex/latex/refcount\refcount.
sty"
Package: refcount 2019/12/15 v3.6 Data extraction from label references (HO)
)
("C:\Users\andre\AppData\Local\Programs\MiKTeX 2.9\tex/generic/gettitlestring\g
ettitlestring.sty"
Package: gettitlestring 2019/12/15 v1.6 Cleanup title references (HO)
)
\c@section@level=\count297
)
LaTeX Info: Redefining \ref on input line 77.
LaTeX Info: Redefining \pageref on input line 77.
LaTeX Info: Redefining \nameref on input line 77.
 (Main.out) (Main.out)
\@outlinefile=\write5
\openout5 = `Main.out'.


*geometry* driver: auto-detecting
*geometry* detected driver: pdftex
*geometry* verbose mode - [ preamble ] result:
* driver: pdftex
* paper: a4paper
* layout: <same size as paper>
* layoutoffset:(h,v)=(0.0pt,0.0pt)
* modes: heightrounded 
* h-part:(L,W,R)=(85.35826pt, 426.79135pt, 85.35826pt)
* v-part:(T,H,B)=(85.35826pt, 702.78308pt, 56.9055pt)
* \paperwidth=597.50787pt
* \paperheight=845.04684pt
* \textwidth=426.79135pt
* \textheight=703.86414pt
* \oddsidemargin=13.08827pt
* \evensidemargin=13.08827pt
* \topmargin=-23.91173pt
* \headheight=12.0pt
* \headsep=25.0pt
* \topskip=11.0pt
* \footskip=30.0pt
* \marginparwidth=59.0pt
* \marginparsep=10.0pt
* \columnsep=10.0pt
* \skip\footins=10.0pt plus 4.0pt minus 2.0pt
* \hoffset=0.0pt
* \voffset=0.0pt
* \mag=1000
* \@twocolumnfalse
* \@twosidefalse
* \@mparswitchfalse
* \@reversemarginfalse
* (1in=72.27pt=25.4mm, 1cm=28.453pt)

LaTeX Font Info:    Trying to load font information for U+msa on input line 85.

("C:\Users\andre\AppData\Local\Programs\MiKTeX 2.9\tex/latex/amsfonts\umsa.fd"
File: umsa.fd 2013/01/14 v3.01 AMS symbols A
)
LaTeX Font Info:    Trying to load font information for U+msb on input line 85.

("C:\Users\andre\AppData\Local\Programs\MiKTeX 2.9\tex/latex/amsfonts\umsb.fd"
File: umsb.fd 2013/01/14 v3.01 AMS symbols B
)
LaTeX Font Info:    Trying to load font information for U+rsfs on input line 85
.
("C:\Users\andre\AppData\Local\Programs\MiKTeX 2.9\tex/latex/jknappen\ursfs.fd"
File: ursfs.fd 1998/03/24 rsfs font definition file (jk)
)
<Images/Planar_biped_walker.png, id=100, 768.8725pt x 645.41125pt>
File: Images/Planar_biped_walker.png Graphic file (type png)
<use Images/Planar_biped_walker.png>
Package pdftex.def Info: Images/Planar_biped_walker.png  used on input line 95.

(pdftex.def)             Requested size: 256.07741pt x 214.95601pt.
 [1

{C:/Users/andre/AppData/Local/MiKTeX/2.9/pdftex/config/pdftex.map} <./Images/Pl
anar_biped_walker.png>]

Package Fancyhdr Warning: \headheight is too small (12.0pt): 
Make it at least 13.59999pt.
We now make it that large for the rest of the document.
This may cause the page layout to be inconsistent, however.

[2] [3] [4]
<Images/RABBIT_color.png, id=145, 333.245pt x 454.69875pt>
File: Images/RABBIT_color.png Graphic file (type png)
<use Images/RABBIT_color.png>
Package pdftex.def Info: Images/RABBIT_color.png  used on input line 255.
(pdftex.def)             Requested size: 136.57635pt x 186.35136pt.
 [5 <./Images/RABBIT_color.png>]
<Images/RABBIT.png, id=158, 605.26125pt x 644.4075pt>
File: Images/RABBIT.png Graphic file (type png)
<use Images/RABBIT.png>
Package pdftex.def Info: Images/RABBIT.png  used on input line 264.
(pdftex.def)             Requested size: 192.0548pt x 204.4742pt.

Underfull \hbox (badness 10000) in paragraph at lines 269--284

 []

[6 <./Images/RABBIT.png>]
Overfull \hbox (7.06955pt too wide) in paragraph at lines 311--312
[]\OT1/cmr/m/n/10.95 Moreover, non-in-ter-act-ing con-trol prob-lem through fee
d-back lin-eariza-tion can be achieved
 []

[7]
Package epstopdf Info: Source file: <Images/bezier.eps>
(epstopdf)                    date: 2020-03-25 12:27:12
(epstopdf)                    size: 25595 bytes
(epstopdf)             Output file: <Images/bezier-eps-converted-to.pdf>
(epstopdf)                    date: 2020-03-25 12:28:59
(epstopdf)                    size: 10006 bytes
(epstopdf)             Command: <epstopdf --outfile=Images/bezier-eps-converted
-to.pdf Images/bezier.eps>
(epstopdf)             \includegraphics on input line 368.
Package epstopdf Info: Output file is already uptodate.


pdfTeX warning: pdflatex.exe (file ./Images/bezier-eps-converted-to.pdf): PDF i
nclusion: found PDF version <1.7>, but at most version <1.5> allowed
<Images/bezier-eps-converted-to.pdf, id=183, 421.575pt x 316.18124pt>
File: Images/bezier-eps-converted-to.pdf Graphic file (type pdf)
<use Images/bezier-eps-converted-to.pdf>
Package pdftex.def Info: Images/bezier-eps-converted-to.pdf  used on input line
 368.
(pdftex.def)             Requested size: 256.07741pt x 192.05975pt.
[8 <./Images/bezier-eps-converted-to.pdf>]
<Images/FROSTFramework.PNG, id=204, 941.76843pt x 373.395pt>
File: Images/FROSTFramework.PNG Graphic file (type png)
<use Images/FROSTFramework.PNG>
Package pdftex.def Info: Images/FROSTFramework.PNG  used on input line 392.
(pdftex.def)             Requested size: 341.43437pt x 135.37358pt.
 [9 <./Images/FROSTFramework.PNG>]
[10] [11]
Package epstopdf Info: Source file: <Images/torques.eps>
(epstopdf)                    date: 2020-03-19 20:46:15
(epstopdf)                    size: 40403 bytes
(epstopdf)             Output file: <Images/torques-eps-converted-to.pdf>
(epstopdf)                    date: 2020-03-20 18:03:25
(epstopdf)                    size: 11318 bytes
(epstopdf)             Command: <epstopdf --outfile=Images/torques-eps-converte
d-to.pdf Images/torques.eps>
(epstopdf)             \includegraphics on input line 468.
Package epstopdf Info: Output file is already uptodate.


pdfTeX warning: pdflatex.exe (file ./Images/torques-eps-converted-to.pdf): PDF 
inclusion: found PDF version <1.7>, but at most version <1.5> allowed
<Images/torques-eps-converted-to.pdf, id=238, 421.575pt x 316.18124pt>
File: Images/torques-eps-converted-to.pdf Graphic file (type pdf)
<use Images/torques-eps-converted-to.pdf>
Package pdftex.def Info: Images/torques-eps-converted-to.pdf  used on input lin
e 468.
(pdftex.def)             Requested size: 341.43437pt x 256.08127pt.
[12 <./Images/torques-eps-converted-to.pdf>] [13] [14] [15]
Package epstopdf Info: Source file: <Images/com_traj.eps>
(epstopdf)                    date: 2020-03-21 16:21:50
(epstopdf)                    size: 118311 bytes
(epstopdf)             Output file: <Images/com_traj-eps-converted-to.pdf>
(epstopdf)                    date: 2020-03-21 17:42:09
(epstopdf)                    size: 35320 bytes
(epstopdf)             Command: <epstopdf --outfile=Images/com_traj-eps-convert
ed-to.pdf Images/com_traj.eps>
(epstopdf)             \includegraphics on input line 664.
Package epstopdf Info: Output file is already uptodate.


pdfTeX warning: pdflatex.exe (file ./Images/com_traj-eps-converted-to.pdf): PDF
 inclusion: found PDF version <1.7>, but at most version <1.5> allowed
<Images/com_traj-eps-converted-to.pdf, id=294, 421.575pt x 316.18124pt>
File: Images/com_traj-eps-converted-to.pdf Graphic file (type pdf)
<use Images/com_traj-eps-converted-to.pdf>
Package pdftex.def Info: Images/com_traj-eps-converted-to.pdf  used on input li
ne 664.
(pdftex.def)             Requested size: 170.71393pt x 128.03822pt.
Package epstopdf Info: Source file: <Images/com_vel.eps>
(epstopdf)                    date: 2020-03-21 16:19:48
(epstopdf)                    size: 119792 bytes
(epstopdf)             Output file: <Images/com_vel-eps-converted-to.pdf>
(epstopdf)                    date: 2020-03-21 17:43:04
(epstopdf)                    size: 36180 bytes
(epstopdf)             Command: <epstopdf --outfile=Images/com_vel-eps-converte
d-to.pdf Images/com_vel.eps>
(epstopdf)             \includegraphics on input line 668.
Package epstopdf Info: Output file is already uptodate.


pdfTeX warning: pdflatex.exe (file ./Images/com_vel-eps-converted-to.pdf): PDF 
inclusion: found PDF version <1.7>, but at most version <1.5> allowed
<Images/com_vel-eps-converted-to.pdf, id=295, 421.575pt x 316.18124pt>
File: Images/com_vel-eps-converted-to.pdf Graphic file (type pdf)
<use Images/com_vel-eps-converted-to.pdf>
Package pdftex.def Info: Images/com_vel-eps-converted-to.pdf  used on input lin
e 668.
(pdftex.def)             Requested size: 170.71393pt x 128.03822pt.
[16]
Package epstopdf Info: Source file: <Images/com_x_pos.eps>
(epstopdf)                    date: 2020-03-21 18:31:11
(epstopdf)                    size: 20099 bytes
(epstopdf)             Output file: <Images/com_x_pos-eps-converted-to.pdf>
(epstopdf)                    date: 2020-03-21 18:32:50
(epstopdf)                    size: 6659 bytes
(epstopdf)             Command: <epstopdf --outfile=Images/com_x_pos-eps-conver
ted-to.pdf Images/com_x_pos.eps>
(epstopdf)             \includegraphics on input line 699.
Package epstopdf Info: Output file is already uptodate.


pdfTeX warning: pdflatex.exe (file ./Images/com_x_pos-eps-converted-to.pdf): PD
F inclusion: found PDF version <1.7>, but at most version <1.5> allowed
<Images/com_x_pos-eps-converted-to.pdf, id=304, 421.575pt x 316.18124pt>
File: Images/com_x_pos-eps-converted-to.pdf Graphic file (type pdf)
<use Images/com_x_pos-eps-converted-to.pdf>
Package pdftex.def Info: Images/com_x_pos-eps-converted-to.pdf  used on input l
ine 699.
(pdftex.def)             Requested size: 170.71393pt x 128.03822pt.
Package epstopdf Info: Source file: <Images/com_x_vel.eps>
(epstopdf)                    date: 2020-03-21 18:29:01
(epstopdf)                    size: 20098 bytes
(epstopdf)             Output file: <Images/com_x_vel-eps-converted-to.pdf>
(epstopdf)                    date: 2020-03-21 18:32:50
(epstopdf)                    size: 6748 bytes
(epstopdf)             Command: <epstopdf --outfile=Images/com_x_vel-eps-conver
ted-to.pdf Images/com_x_vel.eps>
(epstopdf)             \includegraphics on input line 703.
Package epstopdf Info: Output file is already uptodate.


pdfTeX warning: pdflatex.exe (file ./Images/com_x_vel-eps-converted-to.pdf): PD
F inclusion: found PDF version <1.7>, but at most version <1.5> allowed
<Images/com_x_vel-eps-converted-to.pdf, id=305, 421.575pt x 316.18124pt>
File: Images/com_x_vel-eps-converted-to.pdf Graphic file (type pdf)
<use Images/com_x_vel-eps-converted-to.pdf>
Package pdftex.def Info: Images/com_x_vel-eps-converted-to.pdf  used on input l
ine 703.
(pdftex.def)             Requested size: 170.71393pt x 128.03822pt.
[17 <./Images/com_traj-eps-converted-to.pdf> <./Images/com_vel-eps-converted-to
.pdf>]
Package epstopdf Info: Source file: <Images/torso_pos.eps>
(epstopdf)                    date: 2020-03-21 18:31:49
(epstopdf)                    size: 20120 bytes
(epstopdf)             Output file: <Images/torso_pos-eps-converted-to.pdf>
(epstopdf)                    date: 2020-03-21 18:35:10
(epstopdf)                    size: 6690 bytes
(epstopdf)             Command: <epstopdf --outfile=Images/torso_pos-eps-conver
ted-to.pdf Images/torso_pos.eps>
(epstopdf)             \includegraphics on input line 717.
Package epstopdf Info: Output file is already uptodate.


pdfTeX warning: pdflatex.exe (file ./Images/torso_pos-eps-converted-to.pdf): PD
F inclusion: found PDF version <1.7>, but at most version <1.5> allowed
<Images/torso_pos-eps-converted-to.pdf, id=326, 421.575pt x 316.18124pt>
File: Images/torso_pos-eps-converted-to.pdf Graphic file (type pdf)
<use Images/torso_pos-eps-converted-to.pdf>
Package pdftex.def Info: Images/torso_pos-eps-converted-to.pdf  used on input l
ine 717.
(pdftex.def)             Requested size: 170.71393pt x 128.03822pt.
Package epstopdf Info: Source file: <Images/torso_vel.eps>
(epstopdf)                    date: 2020-03-21 18:29:18
(epstopdf)                    size: 19519 bytes
(epstopdf)             Output file: <Images/torso_vel-eps-converted-to.pdf>
(epstopdf)                    date: 2020-03-21 18:35:11
(epstopdf)                    size: 6724 bytes
(epstopdf)             Command: <epstopdf --outfile=Images/torso_vel-eps-conver
ted-to.pdf Images/torso_vel.eps>
(epstopdf)             \includegraphics on input line 721.
Package epstopdf Info: Output file is already uptodate.


pdfTeX warning: pdflatex.exe (file ./Images/torso_vel-eps-converted-to.pdf): PD
F inclusion: found PDF version <1.7>, but at most version <1.5> allowed
<Images/torso_vel-eps-converted-to.pdf, id=327, 414.54875pt x 318.18875pt>
File: Images/torso_vel-eps-converted-to.pdf Graphic file (type pdf)
<use Images/torso_vel-eps-converted-to.pdf>
Package pdftex.def Info: Images/torso_vel-eps-converted-to.pdf  used on input l
ine 721.
(pdftex.def)             Requested size: 170.71393pt x 131.03113pt.
[18 <./Images/com_x_pos-eps-converted-to.pdf> <./Images/com_x_vel-eps-converted
-to.pdf> <./Images/torso_pos-eps-converted-to.pdf> <./Images/torso_vel-eps-conv
erted-to.pdf>]
Package epstopdf Info: Source file: <Images/sw_x_pos.eps>
(epstopdf)                    date: 2020-03-21 18:32:08
(epstopdf)                    size: 20405 bytes
(epstopdf)             Output file: <Images/sw_x_pos-eps-converted-to.pdf>
(epstopdf)                    date: 2020-03-21 18:36:14
(epstopdf)                    size: 6478 bytes
(epstopdf)             Command: <epstopdf --outfile=Images/sw_x_pos-eps-convert
ed-to.pdf Images/sw_x_pos.eps>
(epstopdf)             \includegraphics on input line 746.
Package epstopdf Info: Output file is already uptodate.


pdfTeX warning: pdflatex.exe (file ./Images/sw_x_pos-eps-converted-to.pdf): PDF
 inclusion: found PDF version <1.7>, but at most version <1.5> allowed
<Images/sw_x_pos-eps-converted-to.pdf, id=359, 421.575pt x 316.18124pt>
File: Images/sw_x_pos-eps-converted-to.pdf Graphic file (type pdf)
<use Images/sw_x_pos-eps-converted-to.pdf>
Package pdftex.def Info: Images/sw_x_pos-eps-converted-to.pdf  used on input li
ne 746.
(pdftex.def)             Requested size: 170.71393pt x 128.03822pt.
Package epstopdf Info: Source file: <Images/sw_x_vel.eps>
(epstopdf)                    date: 2020-03-21 18:29:37
(epstopdf)                    size: 20090 bytes
(epstopdf)             Output file: <Images/sw_x_vel-eps-converted-to.pdf>
(epstopdf)                    date: 2020-03-21 18:37:43
(epstopdf)                    size: 5746 bytes
(epstopdf)             Command: <epstopdf --outfile=Images/sw_x_vel-eps-convert
ed-to.pdf Images/sw_x_vel.eps>
(epstopdf)             \includegraphics on input line 750.
Package epstopdf Info: Output file is already uptodate.


pdfTeX warning: pdflatex.exe (file ./Images/sw_x_vel-eps-converted-to.pdf): PDF
 inclusion: found PDF version <1.7>, but at most version <1.5> allowed
<Images/sw_x_vel-eps-converted-to.pdf, id=360, 421.575pt x 316.18124pt>
File: Images/sw_x_vel-eps-converted-to.pdf Graphic file (type pdf)
<use Images/sw_x_vel-eps-converted-to.pdf>
Package pdftex.def Info: Images/sw_x_vel-eps-converted-to.pdf  used on input li
ne 750.
(pdftex.def)             Requested size: 170.71393pt x 128.03822pt.
Package epstopdf Info: Source file: <Images/sw_z_pos.eps>
(epstopdf)                    date: 2020-03-21 18:32:23
(epstopdf)                    size: 19571 bytes
(epstopdf)             Output file: <Images/sw_z_pos-eps-converted-to.pdf>
(epstopdf)                    date: 2020-03-21 18:37:43
(epstopdf)                    size: 6304 bytes
(epstopdf)             Command: <epstopdf --outfile=Images/sw_z_pos-eps-convert
ed-to.pdf Images/sw_z_pos.eps>
(epstopdf)             \includegraphics on input line 754.
Package epstopdf Info: Output file is already uptodate.


pdfTeX warning: pdflatex.exe (file ./Images/sw_z_pos-eps-converted-to.pdf): PDF
 inclusion: found PDF version <1.7>, but at most version <1.5> allowed
<Images/sw_z_pos-eps-converted-to.pdf, id=361, 421.575pt x 316.18124pt>
File: Images/sw_z_pos-eps-converted-to.pdf Graphic file (type pdf)
<use Images/sw_z_pos-eps-converted-to.pdf>
Package pdftex.def Info: Images/sw_z_pos-eps-converted-to.pdf  used on input li
ne 754.
(pdftex.def)             Requested size: 170.71393pt x 128.03822pt.
Package epstopdf Info: Source file: <Images/sw_z_vel.eps>
(epstopdf)                    date: 2020-03-21 18:29:53
(epstopdf)                    size: 19575 bytes
(epstopdf)             Output file: <Images/sw_z_vel-eps-converted-to.pdf>
(epstopdf)                    date: 2020-03-21 18:37:43
(epstopdf)                    size: 6527 bytes
(epstopdf)             Command: <epstopdf --outfile=Images/sw_z_vel-eps-convert
ed-to.pdf Images/sw_z_vel.eps>
(epstopdf)             \includegraphics on input line 758.
Package epstopdf Info: Output file is already uptodate.


pdfTeX warning: pdflatex.exe (file ./Images/sw_z_vel-eps-converted-to.pdf): PDF
 inclusion: found PDF version <1.7>, but at most version <1.5> allowed
<Images/sw_z_vel-eps-converted-to.pdf, id=362, 421.575pt x 316.18124pt>
File: Images/sw_z_vel-eps-converted-to.pdf Graphic file (type pdf)
<use Images/sw_z_vel-eps-converted-to.pdf>
Package pdftex.def Info: Images/sw_z_vel-eps-converted-to.pdf  used on input li
ne 758.
(pdftex.def)             Requested size: 170.71393pt x 128.03822pt.
[19 <./Images/sw_x_pos-eps-converted-to.pdf> <./Images/sw_x_vel-eps-converted-t
o.pdf> <./Images/sw_z_pos-eps-converted-to.pdf> <./Images/sw_z_vel-eps-converte
d-to.pdf>]
Package epstopdf Info: Source file: <Images/pos_2_steps_1_second.eps>
(epstopdf)                    date: 2020-03-21 16:25:30
(epstopdf)                    size: 90335 bytes
(epstopdf)             Output file: <Images/pos_2_steps_1_second-eps-converted-
to.pdf>
(epstopdf)                    date: 2020-03-21 18:41:29
(epstopdf)                    size: 17455 bytes
(epstopdf)             Command: <epstopdf --outfile=Images/pos_2_steps_1_second
-eps-converted-to.pdf Images/pos_2_steps_1_second.eps>
(epstopdf)             \includegraphics on input line 809.
Package epstopdf Info: Output file is already uptodate.


pdfTeX warning: pdflatex.exe (file ./Images/pos_2_steps_1_second-eps-converted-
to.pdf): PDF inclusion: found PDF version <1.7>, but at most version <1.5> allo
wed
<Images/pos_2_steps_1_second-eps-converted-to.pdf, id=398, 1156.32pt x 564.1075
pt>
File: Images/pos_2_steps_1_second-eps-converted-to.pdf Graphic file (type pdf)
<use Images/pos_2_steps_1_second-eps-converted-to.pdf>
Package pdftex.def Info: Images/pos_2_steps_1_second-eps-converted-to.pdf  used
 on input line 809.
(pdftex.def)             Requested size: 426.79135pt x 208.20865pt.
[20]
Package epstopdf Info: Source file: <Images/vel_2_steps_1_second.eps>
(epstopdf)                    date: 2020-03-21 16:25:06
(epstopdf)                    size: 87446 bytes
(epstopdf)             Output file: <Images/vel_2_steps_1_second-eps-converted-
to.pdf>
(epstopdf)                    date: 2020-03-21 18:42:27
(epstopdf)                    size: 16862 bytes
(epstopdf)             Command: <epstopdf --outfile=Images/vel_2_steps_1_second
-eps-converted-to.pdf Images/vel_2_steps_1_second.eps>
(epstopdf)             \includegraphics on input line 816.
Package epstopdf Info: Output file is already uptodate.


pdfTeX warning: pdflatex.exe (file ./Images/vel_2_steps_1_second-eps-converted-
to.pdf): PDF inclusion: found PDF version <1.7>, but at most version <1.5> allo
wed
<Images/vel_2_steps_1_second-eps-converted-to.pdf, id=405, 1156.32pt x 564.1075
pt>
File: Images/vel_2_steps_1_second-eps-converted-to.pdf Graphic file (type pdf)
<use Images/vel_2_steps_1_second-eps-converted-to.pdf>
Package pdftex.def Info: Images/vel_2_steps_1_second-eps-converted-to.pdf  used
 on input line 816.
(pdftex.def)             Requested size: 426.79135pt x 208.20865pt.
Package epstopdf Info: Source file: <Images/tracking_2_steps_1_sec.eps>
(epstopdf)                    date: 2020-03-21 16:27:36
(epstopdf)                    size: 68457 bytes
(epstopdf)             Output file: <Images/tracking_2_steps_1_sec-eps-converte
d-to.pdf>
(epstopdf)                    date: 2020-03-21 18:44:31
(epstopdf)                    size: 12791 bytes
(epstopdf)             Command: <epstopdf --outfile=Images/tracking_2_steps_1_s
ec-eps-converted-to.pdf Images/tracking_2_steps_1_sec.eps>
(epstopdf)             \includegraphics on input line 823.
Package epstopdf Info: Output file is already uptodate.


pdfTeX warning: pdflatex.exe (file ./Images/tracking_2_steps_1_sec-eps-converte
d-to.pdf): PDF inclusion: found PDF version <1.7>, but at most version <1.5> al
lowed
<Images/tracking_2_steps_1_sec-eps-converted-to.pdf, id=406, 1156.32pt x 564.10
75pt>
File: Images/tracking_2_steps_1_sec-eps-converted-to.pdf Graphic file (type pdf
)
<use Images/tracking_2_steps_1_sec-eps-converted-to.pdf>
Package pdftex.def Info: Images/tracking_2_steps_1_sec-eps-converted-to.pdf  us
ed on input line 823.
(pdftex.def)             Requested size: 426.79135pt x 208.20865pt.
[21 <./Images/pos_2_steps_1_second-eps-converted-to.pdf> <./Images/vel_2_steps_
1_second-eps-converted-to.pdf>] [22 <./Images/tracking_2_steps_1_sec-eps-conver
ted-to.pdf>]
<Images/ste_pos.jpg, id=432, 717.68124pt x 1431.3475pt>
File: Images/ste_pos.jpg Graphic file (type jpg)
<use Images/ste_pos.jpg>
Package pdftex.def Info: Images/ste_pos.jpg  used on input line 840.
(pdftex.def)             Requested size: 170.71393pt x 340.47273pt.
<Images/wrona_pos.jpg, id=433, 722.7pt x 1434.35875pt>
File: Images/wrona_pos.jpg Graphic file (type jpg)
<use Images/wrona_pos.jpg>
Package pdftex.def Info: Images/wrona_pos.jpg  used on input line 844.
(pdftex.def)             Requested size: 170.71393pt x 338.80339pt.
 [23 <./Images/ste_pos.jpg> <./Images/wrona_pos.jpg>]
<Images/ste_vel.jpg, id=441, 664.4825pt x 1321.93875pt>
File: Images/ste_vel.jpg Graphic file (type jpg)
<use Images/ste_vel.jpg>
Package pdftex.def Info: Images/ste_vel.jpg  used on input line 861.
(pdftex.def)             Requested size: 170.71393pt x 339.6214pt.
<Images/wrona_vel.jpg, id=442, 719.68875pt x 1440.38126pt>
File: Images/wrona_vel.jpg Graphic file (type jpg)
<use Images/wrona_vel.jpg>
Package pdftex.def Info: Images/wrona_vel.jpg  used on input line 865.
(pdftex.def)             Requested size: 170.71393pt x 341.65454pt.
 [24 <./Images/ste_vel.jpg> <./Images/wrona_vel.jpg>]
Package epstopdf Info: Source file: <Images/Snapshots/FROST_1.eps>
(epstopdf)                    date: 2020-03-25 13:13:02
(epstopdf)                    size: 28799 bytes
(epstopdf)             Output file: <Images/Snapshots/FROST_1-eps-converted-to.
pdf>
(epstopdf)                    date: 2020-03-25 13:20:15
(epstopdf)                    size: 25476 bytes
(epstopdf)             Command: <epstopdf --outfile=Images/Snapshots/FROST_1-ep
s-converted-to.pdf Images/Snapshots/FROST_1.eps>
(epstopdf)             \includegraphics on input line 881.
Package epstopdf Info: Output file is already uptodate.


pdfTeX warning: pdflatex.exe (file ./Images/Snapshots/FROST_1-eps-converted-to.
pdf): PDF inclusion: found PDF version <1.7>, but at most version <1.5> allowed

<Images/Snapshots/FROST_1-eps-converted-to.pdf, id=450, 421.575pt x 316.18124pt
>
File: Images/Snapshots/FROST_1-eps-converted-to.pdf Graphic file (type pdf)
<use Images/Snapshots/FROST_1-eps-converted-to.pdf>
Package pdftex.def Info: Images/Snapshots/FROST_1-eps-converted-to.pdf  used on
 input line 881.
(pdftex.def)             Requested size: 192.0548pt x 144.04118pt.
Package epstopdf Info: Source file: <Images/Snapshots/FROST_2.eps>
(epstopdf)                    date: 2020-03-25 13:13:58
(epstopdf)                    size: 28830 bytes
(epstopdf)             Output file: <Images/Snapshots/FROST_2-eps-converted-to.
pdf>
(epstopdf)                    date: 2020-03-25 13:20:16
(epstopdf)                    size: 25836 bytes
(epstopdf)             Command: <epstopdf --outfile=Images/Snapshots/FROST_2-ep
s-converted-to.pdf Images/Snapshots/FROST_2.eps>
(epstopdf)             \includegraphics on input line 884.
Package epstopdf Info: Output file is already uptodate.


pdfTeX warning: pdflatex.exe (file ./Images/Snapshots/FROST_2-eps-converted-to.
pdf): PDF inclusion: found PDF version <1.7>, but at most version <1.5> allowed

<Images/Snapshots/FROST_2-eps-converted-to.pdf, id=451, 421.575pt x 316.18124pt
>
File: Images/Snapshots/FROST_2-eps-converted-to.pdf Graphic file (type pdf)
<use Images/Snapshots/FROST_2-eps-converted-to.pdf>
Package pdftex.def Info: Images/Snapshots/FROST_2-eps-converted-to.pdf  used on
 input line 884.
(pdftex.def)             Requested size: 192.0548pt x 144.04118pt.
Package epstopdf Info: Source file: <Images/Snapshots/FROST_3.eps>
(epstopdf)                    date: 2020-03-25 13:14:24
(epstopdf)                    size: 29389 bytes
(epstopdf)             Output file: <Images/Snapshots/FROST_3-eps-converted-to.
pdf>
(epstopdf)                    date: 2020-03-25 13:20:17
(epstopdf)                    size: 26579 bytes
(epstopdf)             Command: <epstopdf --outfile=Images/Snapshots/FROST_3-ep
s-converted-to.pdf Images/Snapshots/FROST_3.eps>
(epstopdf)             \includegraphics on input line 887.
Package epstopdf Info: Output file is already uptodate.


pdfTeX warning: pdflatex.exe (file ./Images/Snapshots/FROST_3-eps-converted-to.
pdf): PDF inclusion: found PDF version <1.7>, but at most version <1.5> allowed

<Images/Snapshots/FROST_3-eps-converted-to.pdf, id=452, 421.575pt x 316.18124pt
>
File: Images/Snapshots/FROST_3-eps-converted-to.pdf Graphic file (type pdf)
<use Images/Snapshots/FROST_3-eps-converted-to.pdf>
Package pdftex.def Info: Images/Snapshots/FROST_3-eps-converted-to.pdf  used on
 input line 887.
(pdftex.def)             Requested size: 192.0548pt x 144.04118pt.
Package epstopdf Info: Source file: <Images/Snapshots/FROST_4.eps>
(epstopdf)                    date: 2020-03-25 13:14:50
(epstopdf)                    size: 30302 bytes
(epstopdf)             Output file: <Images/Snapshots/FROST_4-eps-converted-to.
pdf>
(epstopdf)                    date: 2020-03-25 13:20:18
(epstopdf)                    size: 26796 bytes
(epstopdf)             Command: <epstopdf --outfile=Images/Snapshots/FROST_4-ep
s-converted-to.pdf Images/Snapshots/FROST_4.eps>
(epstopdf)             \includegraphics on input line 890.
Package epstopdf Info: Output file is already uptodate.


pdfTeX warning: pdflatex.exe (file ./Images/Snapshots/FROST_4-eps-converted-to.
pdf): PDF inclusion: found PDF version <1.7>, but at most version <1.5> allowed

<Images/Snapshots/FROST_4-eps-converted-to.pdf, id=453, 421.575pt x 316.18124pt
>
File: Images/Snapshots/FROST_4-eps-converted-to.pdf Graphic file (type pdf)
<use Images/Snapshots/FROST_4-eps-converted-to.pdf>
Package pdftex.def Info: Images/Snapshots/FROST_4-eps-converted-to.pdf  used on
 input line 890.
(pdftex.def)             Requested size: 192.0548pt x 144.04118pt.
Package epstopdf Info: Source file: <Images/Snapshots/FROST_5.eps>
(epstopdf)                    date: 2020-03-25 13:15:11
(epstopdf)                    size: 29313 bytes
(epstopdf)             Output file: <Images/Snapshots/FROST_5-eps-converted-to.
pdf>
(epstopdf)                    date: 2020-03-25 13:20:19
(epstopdf)                    size: 24620 bytes
(epstopdf)             Command: <epstopdf --outfile=Images/Snapshots/FROST_5-ep
s-converted-to.pdf Images/Snapshots/FROST_5.eps>
(epstopdf)             \includegraphics on input line 893.
Package epstopdf Info: Output file is already uptodate.


pdfTeX warning: pdflatex.exe (file ./Images/Snapshots/FROST_5-eps-converted-to.
pdf): PDF inclusion: found PDF version <1.7>, but at most version <1.5> allowed

<Images/Snapshots/FROST_5-eps-converted-to.pdf, id=454, 421.575pt x 316.18124pt
>
File: Images/Snapshots/FROST_5-eps-converted-to.pdf Graphic file (type pdf)
<use Images/Snapshots/FROST_5-eps-converted-to.pdf>
Package pdftex.def Info: Images/Snapshots/FROST_5-eps-converted-to.pdf  used on
 input line 893.
(pdftex.def)             Requested size: 192.0548pt x 144.04118pt.
Package epstopdf Info: Source file: <Images/Snapshots/Tracking_1.eps>
(epstopdf)                    date: 2020-03-25 15:10:02
(epstopdf)                    size: 28806 bytes
(epstopdf)             Output file: <Images/Snapshots/Tracking_1-eps-converted-
to.pdf>
(epstopdf)                    date: 2020-03-25 15:18:48
(epstopdf)                    size: 25514 bytes
(epstopdf)             Command: <epstopdf --outfile=Images/Snapshots/Tracking_1
-eps-converted-to.pdf Images/Snapshots/Tracking_1.eps>
(epstopdf)             \includegraphics on input line 902.
Package epstopdf Info: Output file is already uptodate.


pdfTeX warning: pdflatex.exe (file ./Images/Snapshots/Tracking_1-eps-converted-
to.pdf): PDF inclusion: found PDF version <1.7>, but at most version <1.5> allo
wed
<Images/Snapshots/Tracking_1-eps-converted-to.pdf, id=455, 421.575pt x 316.1812
4pt>
File: Images/Snapshots/Tracking_1-eps-converted-to.pdf Graphic file (type pdf)
<use Images/Snapshots/Tracking_1-eps-converted-to.pdf>
Package pdftex.def Info: Images/Snapshots/Tracking_1-eps-converted-to.pdf  used
 on input line 902.
(pdftex.def)             Requested size: 192.0548pt x 144.04118pt.
Package epstopdf Info: Source file: <Images/Snapshots/Tracking_2.eps>
(epstopdf)                    date: 2020-03-25 15:10:43
(epstopdf)                    size: 28734 bytes
(epstopdf)             Output file: <Images/Snapshots/Tracking_2-eps-converted-
to.pdf>
(epstopdf)                    date: 2020-03-25 15:18:49
(epstopdf)                    size: 25630 bytes
(epstopdf)             Command: <epstopdf --outfile=Images/Snapshots/Tracking_2
-eps-converted-to.pdf Images/Snapshots/Tracking_2.eps>
(epstopdf)             \includegraphics on input line 905.
Package epstopdf Info: Output file is already uptodate.


pdfTeX warning: pdflatex.exe (file ./Images/Snapshots/Tracking_2-eps-converted-
to.pdf): PDF inclusion: found PDF version <1.7>, but at most version <1.5> allo
wed
<Images/Snapshots/Tracking_2-eps-converted-to.pdf, id=456, 421.575pt x 316.1812
4pt>
File: Images/Snapshots/Tracking_2-eps-converted-to.pdf Graphic file (type pdf)
<use Images/Snapshots/Tracking_2-eps-converted-to.pdf>
Package pdftex.def Info: Images/Snapshots/Tracking_2-eps-converted-to.pdf  used
 on input line 905.
(pdftex.def)             Requested size: 192.0548pt x 144.04118pt.
Package epstopdf Info: Source file: <Images/Snapshots/Tracking_3.eps>
(epstopdf)                    date: 2020-03-25 15:11:19
(epstopdf)                    size: 28377 bytes
(epstopdf)             Output file: <Images/Snapshots/Tracking_3-eps-converted-
to.pdf>
(epstopdf)                    date: 2020-03-25 15:18:50
(epstopdf)                    size: 25562 bytes
(epstopdf)             Command: <epstopdf --outfile=Images/Snapshots/Tracking_3
-eps-converted-to.pdf Images/Snapshots/Tracking_3.eps>
(epstopdf)             \includegraphics on input line 908.
Package epstopdf Info: Output file is already uptodate.


pdfTeX warning: pdflatex.exe (file ./Images/Snapshots/Tracking_3-eps-converted-
to.pdf): PDF inclusion: found PDF version <1.7>, but at most version <1.5> allo
wed
<Images/Snapshots/Tracking_3-eps-converted-to.pdf, id=457, 421.575pt x 316.1812
4pt>
File: Images/Snapshots/Tracking_3-eps-converted-to.pdf Graphic file (type pdf)
<use Images/Snapshots/Tracking_3-eps-converted-to.pdf>
Package pdftex.def Info: Images/Snapshots/Tracking_3-eps-converted-to.pdf  used
 on input line 908.
(pdftex.def)             Requested size: 192.0548pt x 144.04118pt.
Package epstopdf Info: Source file: <Images/Snapshots/Tracking_4.eps>
(epstopdf)                    date: 2020-03-25 15:11:53
(epstopdf)                    size: 30224 bytes
(epstopdf)             Output file: <Images/Snapshots/Tracking_4-eps-converted-
to.pdf>
(epstopdf)                    date: 2020-03-25 15:18:51
(epstopdf)                    size: 26681 bytes
(epstopdf)             Command: <epstopdf --outfile=Images/Snapshots/Tracking_4
-eps-converted-to.pdf Images/Snapshots/Tracking_4.eps>
(epstopdf)             \includegraphics on input line 911.
Package epstopdf Info: Output file is already uptodate.


pdfTeX warning: pdflatex.exe (file ./Images/Snapshots/Tracking_4-eps-converted-
to.pdf): PDF inclusion: found PDF version <1.7>, but at most version <1.5> allo
wed
<Images/Snapshots/Tracking_4-eps-converted-to.pdf, id=458, 421.575pt x 316.1812
4pt>
File: Images/Snapshots/Tracking_4-eps-converted-to.pdf Graphic file (type pdf)
<use Images/Snapshots/Tracking_4-eps-converted-to.pdf>
Package pdftex.def Info: Images/Snapshots/Tracking_4-eps-converted-to.pdf  used
 on input line 911.
(pdftex.def)             Requested size: 192.0548pt x 144.04118pt.
Package epstopdf Info: Source file: <Images/Snapshots/Tracking_5.eps>
(epstopdf)                    date: 2020-03-25 15:12:22
(epstopdf)                    size: 28855 bytes
(epstopdf)             Output file: <Images/Snapshots/Tracking_5-eps-converted-
to.pdf>
(epstopdf)                    date: 2020-03-25 15:18:52
(epstopdf)                    size: 24267 bytes
(epstopdf)             Command: <epstopdf --outfile=Images/Snapshots/Tracking_5
-eps-converted-to.pdf Images/Snapshots/Tracking_5.eps>
(epstopdf)             \includegraphics on input line 914.
Package epstopdf Info: Output file is already uptodate.


pdfTeX warning: pdflatex.exe (file ./Images/Snapshots/Tracking_5-eps-converted-
to.pdf): PDF inclusion: found PDF version <1.7>, but at most version <1.5> allo
wed
<Images/Snapshots/Tracking_5-eps-converted-to.pdf, id=459, 421.575pt x 316.1812
4pt>
File: Images/Snapshots/Tracking_5-eps-converted-to.pdf Graphic file (type pdf)
<use Images/Snapshots/Tracking_5-eps-converted-to.pdf>
Package pdftex.def Info: Images/Snapshots/Tracking_5-eps-converted-to.pdf  used
 on input line 914.
(pdftex.def)             Requested size: 192.0548pt x 144.04118pt.
[25 <./Images/Snapshots/FROST_1-eps-converted-to.pdf> <./Images/Snapshots/FROST
_2-eps-converted-to.pdf> <./Images/Snapshots/FROST_3-eps-converted-to.pdf> <./I
mages/Snapshots/FROST_4-eps-converted-to.pdf> <./Images/Snapshots/FROST_5-eps-c
onverted-to.pdf>] [26 <./Images/Snapshots/Tracking_1-eps-converted-to.pdf> <./I
mages/Snapshots/Tracking_2-eps-converted-to.pdf> <./Images/Snapshots/Tracking_3
-eps-converted-to.pdf> <./Images/Snapshots/Tracking_4-eps-converted-to.pdf> <./
Images/Snapshots/Tracking_5-eps-converted-to.pdf>] [27]
Package atveryend Info: Empty hook `BeforeClearDocument' on input line 961.
 [28]
Package atveryend Info: Empty hook `AfterLastShipout' on input line 961.
 (Main.aux)
Package atveryend Info: Executing hook `AtVeryEndDocument' on input line 961.
Package atveryend Info: Executing hook `AtEndAfterFileList' on input line 961.
Package rerunfilecheck Info: File `Main.out' has not changed.
(rerunfilecheck)             Checksum: 741E87BE31103485487739BD4B74E854;1810.
Package atveryend Info: Empty hook `AtVeryVeryEnd' on input line 961.
 ) 
Here is how much of TeX's memory you used:
 10157 strings out of 480896
 164955 string characters out of 2898166
 443990 words of memory out of 3000000
 25633 multiletter control sequences out of 15000+200000
 550555 words of font info for 93 fonts, out of 3000000 for 9000
 1141 hyphenation exceptions out of 8191
 41i,16n,49p,1191b,495s stack positions out of 5000i,500n,10000p,200000b,50000s
 <C:\Users\andre\AppData\Local\MiKTeX\2.9\fonts/pk/ljfour/jknappen/ec/dpi600\
tcrm1095.pk><C:/Users/andre/AppData/Local/Programs/MiKTeX 2.9/fonts/type1/publi
c/amsfonts/cm/cmbx10.pfb><C:/Users/andre/AppData/Local/Programs/MiKTeX 2.9/font
s/type1/public/amsfonts/cm/cmbx12.pfb><C:/Users/andre/AppData/Local/Programs/Mi
KTeX 2.9/fonts/type1/public/amsfonts/cm/cmbxti10.pfb><C:/Users/andre/AppData/Lo
cal/Programs/MiKTeX 2.9/fonts/type1/public/amsfonts/cm/cmex10.pfb><C:/Users/and
re/AppData/Local/Programs/MiKTeX 2.9/fonts/type1/public/amsfonts/cm/cmmi10.pfb>
<C:/Users/andre/AppData/Local/Programs/MiKTeX 2.9/fonts/type1/public/amsfonts/c
m/cmmi6.pfb><C:/Users/andre/AppData/Local/Programs/MiKTeX 2.9/fonts/type1/publi
c/amsfonts/cm/cmmi7.pfb><C:/Users/andre/AppData/Local/Programs/MiKTeX 2.9/fonts
/type1/public/amsfonts/cm/cmmi8.pfb><C:/Users/andre/AppData/Local/Programs/MiKT
eX 2.9/fonts/type1/public/amsfonts/cm/cmmib10.pfb><C:/Users/andre/AppData/Local
/Programs/MiKTeX 2.9/fonts/type1/public/amsfonts/cm/cmr10.pfb><C:/Users/andre/A
ppData/Local/Programs/MiKTeX 2.9/fonts/type1/public/amsfonts/cm/cmr12.pfb><C:/U
sers/andre/AppData/Local/Programs/MiKTeX 2.9/fonts/type1/public/amsfonts/cm/cmr
17.pfb><C:/Users/andre/AppData/Local/Programs/MiKTeX 2.9/fonts/type1/public/ams
fonts/cm/cmr6.pfb><C:/Users/andre/AppData/Local/Programs/MiKTeX 2.9/fonts/type1
/public/amsfonts/cm/cmr7.pfb><C:/Users/andre/AppData/Local/Programs/MiKTeX 2.9/
fonts/type1/public/amsfonts/cm/cmr8.pfb><C:/Users/andre/AppData/Local/Programs/
MiKTeX 2.9/fonts/type1/public/amsfonts/cm/cmr9.pfb><C:/Users/andre/AppData/Loca
l/Programs/MiKTeX 2.9/fonts/type1/public/amsfonts/cm/cmsy10.pfb><C:/Users/andre
/AppData/Local/Programs/MiKTeX 2.9/fonts/type1/public/amsfonts/cm/cmsy6.pfb><C:
/Users/andre/AppData/Local/Programs/MiKTeX 2.9/fonts/type1/public/amsfonts/cm/c
msy7.pfb><C:/Users/andre/AppData/Local/Programs/MiKTeX 2.9/fonts/type1/public/a
msfonts/cm/cmsy8.pfb><C:/Users/andre/AppData/Local/Programs/MiKTeX 2.9/fonts/ty
pe1/public/amsfonts/cm/cmti10.pfb><C:/Users/andre/AppData/Local/Programs/MiKTeX
 2.9/fonts/type1/public/amsfonts/cm/cmtt10.pfb><C:/Users/andre/AppData/Local/Pr
ograms/MiKTeX 2.9/fonts/type1/public/amsfonts/symbols/msbm10.pfb><C:/Users/andr
e/AppData/Local/Programs/MiKTeX 2.9/fonts/type1/public/rsfs/rsfs10.pfb>
Output written on Main.pdf (28 pages, 1882076 bytes).
PDF statistics:
 672 PDF objects out of 1000 (max. 8388607)
 159 named destinations out of 1000 (max. 500000)
 358 words of extra memory for PDF output out of 10000 (max. 10000000)

