\BOOKMARK [0][-]{part.1}{I reported}{}% 1
\BOOKMARK [1][-]{section.1}{Robot Model and Model Assumptions}{part.1}% 2
\BOOKMARK [2][-]{subsection.1.1}{Swing Phase Model}{section.1}% 3
\BOOKMARK [2][-]{subsection.1.2}{Impact Model}{section.1}% 4
\BOOKMARK [2][-]{subsection.1.3}{Plant Model}{section.1}% 5
\BOOKMARK [1][-]{section.2}{Case Study}{part.1}% 6
\BOOKMARK [1][-]{section.3}{Feedback Linearization and Trajectory Optimization}{part.1}% 7
\BOOKMARK [2][-]{subsection.3.1}{FROST - Fast Robot Optimization and Simulation Toolkit}{section.3}% 8
\BOOKMARK [3][-]{subsubsection.3.1.1}{FROST Architecture}{subsection.3.1}% 9
\BOOKMARK [3][-]{subsubsection.3.1.2}{Hybrid Dynamical System in FROST}{subsection.3.1}% 10
\BOOKMARK [3][-]{subsubsection.3.1.3}{Virtual constraints and feedback linearization control}{subsection.3.1}% 11
\BOOKMARK [3][-]{subsubsection.3.1.4}{Hybrid Trajectory Optimization}{subsection.3.1}% 12
\BOOKMARK [2][-]{subsection.3.2}{Simulation}{section.3}% 13
\BOOKMARK [1][-]{section.4}{Bounded CoM Trajectory Tracking}{part.1}% 14
\BOOKMARK [2][-]{subsection.4.1}{Linear Inverted Pendulum}{section.4}% 15
\BOOKMARK [2][-]{subsection.4.2}{Bounded Solutions For LIP Model}{section.4}% 16
\BOOKMARK [3][-]{subsubsection.4.2.1}{Unstable Subsystem}{subsection.4.2}% 17
\BOOKMARK [2][-]{subsection.4.3}{Planning and Control Design}{section.4}% 18
\BOOKMARK [3][-]{subsubsection.4.3.1}{Constraints on Initial Condition}{subsection.4.3}% 19
\BOOKMARK [3][-]{subsubsection.4.3.2}{Constraints on Control Design}{subsection.4.3}% 20
\BOOKMARK [2][-]{subsection.4.4}{CoM Trajectory in RABBIT}{section.4}% 21
\BOOKMARK [2][-]{subsection.4.5}{CoM Tracking in RABBIT}{section.4}% 22
\BOOKMARK [1][-]{section.5}{Comparisons}{part.1}% 23
\BOOKMARK [2][-]{subsection.5.1}{MATLAB animation}{section.5}% 24
